#
# There is insufficient memory for the Java Runtime Environment to continue.
# Native memory allocation (malloc) failed to allocate 131088 bytes for Chunk::new
# Possible reasons:
#   The system is out of physical RAM or swap space
#   The process is running with CompressedOops enabled, and the Java Heap may be blocking the growth of the native heap
# Possible solutions:
#   Reduce memory load on the system
#   Increase physical memory or swap space
#   Check if swap backing store is full
#   Decrease Java heap size (-Xmx/-Xms)
#   Decrease number of Java threads
#   Decrease Java thread stack sizes (-Xss)
#   Set larger code cache with -XX:ReservedCodeCacheSize=
#   JVM is running with Unscaled Compressed Oops mode in which the Java heap is
#     placed in the first 4GB address space. The Java Heap base address is the
#     maximum limit for the native heap growth. Please use -XX:HeapBaseMinAddress
#     to set the Java Heap base and to place the Java Heap above 4GB virtual address.
# This output file may be truncated or incomplete.
#
#  Out of Memory Error (allocation.cpp:389), pid=16240, tid=0x0000000000003e0c
#
# JRE version: OpenJDK Runtime Environment (8.0_202-b03) (build 1.8.0_202-release-1483-b03)
# Java VM: OpenJDK 64-Bit Server VM (25.202-b03 mixed mode windows-amd64 compressed oops)
# Failed to write core dump. Minidumps are not enabled by default on client versions of Windows
#

---------------  T H R E A D  ---------------

Current thread (0x00000000186b7000):  JavaThread "C2 CompilerThread2" daemon [_thread_in_native, id=15884, stack(0x0000000019180000,0x0000000019280000)]

Stack: [0x0000000019180000,0x0000000019280000]
[error occurred during error reporting (printing stack bounds), id 0xc0000005]

Native frames: (J=compiled Java code, j=interpreted, Vv=VM code, C=native code)


Current CompileTask:
C2:1085457 14164       4       java.lang.Class::getMethod0 (40 bytes)


---------------  P R O C E S S  ---------------

Java Threads: ( => current thread )
  0x000000001e999800 JavaThread "Cache worker for cache directory md-rule (C:\Users\ASUS\.gradle\caches\5.4.1\md-rule)" [_thread_blocked, id=16856, stack(0x00000000229a0000,0x0000000022aa0000)]
  0x000000001e9a0800 JavaThread "Cache worker for cache directory md-supplier (C:\Users\ASUS\.gradle\caches\5.4.1\md-supplier)" [_thread_blocked, id=12196, stack(0x00000000228a0000,0x00000000229a0000)]
  0x000000001e997800 JavaThread "Cache worker for file hash cache (D:\Tugas\Pemrograman Android\2019-mobile06\.gradle\5.4.1\fileHashes)" [_thread_blocked, id=13048, stack(0x00000000227a0000,0x00000000228a0000)]
  0x000000001e999000 JavaThread "Thread-104" [_thread_blocked, id=15872, stack(0x00000000201d0000,0x00000000202d0000)]
  0x000000001e99d800 JavaThread "Stdin handler" [_thread_blocked, id=2208, stack(0x000000001fa40000,0x000000001fb40000)]
  0x000000001e998000 JavaThread "Asynchronous log dispatcher for DefaultDaemonConnection: socket connection from /127.0.0.1:49929 to /127.0.0.1:50298" [_thread_blocked, id=9092, stack(0x000000001f940000,0x000000001fa40000)]
  0x000000001e99a800 JavaThread "Daemon worker Thread 4" [_thread_in_Java, id=15332, stack(0x000000001bcd0000,0x000000001bdd0000)]
  0x000000001e99c800 JavaThread "Cancel handler" [_thread_blocked, id=1484, stack(0x000000001bbd0000,0x000000001bcd0000)]
  0x000000001e99b000 JavaThread "Handler for socket connection from /127.0.0.1:49929 to /127.0.0.1:50298" [_thread_in_native, id=2140, stack(0x000000001b6d0000,0x000000001b7d0000)]
  0x000000001e99c000 JavaThread "Daemon Thread 4" [_thread_blocked, id=17056, stack(0x0000000000de0000,0x0000000000ee0000)]
  0x000000001ec50000 JavaThread "Cache worker for Java compile cache (C:\Users\ASUS\.gradle\caches\5.4.1\javaCompile)" [_thread_blocked, id=11540, stack(0x00000000263d0000,0x00000000264d0000)]
  0x000000001da9e000 JavaThread "Cache worker for file content cache (C:\Users\ASUS\.gradle\caches\5.4.1\fileContent)" [_thread_blocked, id=8980, stack(0x0000000024b10000,0x0000000024c10000)]
  0x000000001a053800 JavaThread "Memory manager" [_thread_blocked, id=15972, stack(0x0000000024260000,0x0000000024360000)]
  0x000000001a04f000 JavaThread "Cache worker for execution history cache (C:\Users\ASUS\.gradle\caches\5.4.1\executionHistory)" [_thread_blocked, id=2340, stack(0x00000000222a0000,0x00000000223a0000)]
  0x000000001a415800 JavaThread "Cache worker for journal cache (C:\Users\ASUS\.gradle\caches\journal-1)" [_thread_blocked, id=15660, stack(0x000000001d2a0000,0x000000001d3a0000)]
  0x000000001a417000 JavaThread "File lock request listener" [_thread_in_native, id=15632, stack(0x000000001d1a0000,0x000000001d2a0000)]
  0x000000001a9ec800 JavaThread "Cache worker for file hash cache (C:\Users\ASUS\.gradle\caches\5.4.1\fileHashes)" [_thread_blocked, id=15620, stack(0x000000001d0a0000,0x000000001d1a0000)]
  0x0000000019806000 JavaThread "Daemon periodic checks" [_thread_blocked, id=15160, stack(0x000000001b5d0000,0x000000001b6d0000)]
  0x00000000197ea800 JavaThread "Incoming local TCP Connector on port 49929" [_thread_in_native, id=15512, stack(0x000000001b390000,0x000000001b490000)]
  0x000000001a819000 JavaThread "Daemon health stats" [_thread_blocked, id=16264, stack(0x000000001ad50000,0x000000001ae50000)]
  0x0000000018759000 JavaThread "Service Thread" daemon [_thread_blocked, id=11144, stack(0x0000000019380000,0x0000000019480000)]
  0x00000000186be000 JavaThread "C1 CompilerThread3" daemon [_thread_blocked, id=15892, stack(0x0000000019280000,0x0000000019380000)]
=>0x00000000186b7000 JavaThread "C2 CompilerThread2" daemon [_thread_in_native, id=15884, stack(0x0000000019180000,0x0000000019280000)]
  0x00000000186a8000 JavaThread "C2 CompilerThread1" daemon [_thread_blocked, id=3688, stack(0x0000000019080000,0x0000000019180000)]
  0x00000000186b6000 JavaThread "C2 CompilerThread0" daemon [_thread_in_native, id=10404, stack(0x0000000018f80000,0x0000000019080000)]
  0x00000000186b2800 JavaThread "Attach Listener" daemon [_thread_blocked, id=3248, stack(0x0000000018e80000,0x0000000018f80000)]
  0x00000000186b1800 JavaThread "Signal Dispatcher" daemon [_thread_blocked, id=13400, stack(0x0000000018d80000,0x0000000018e80000)]
  0x0000000002ad9000 JavaThread "Finalizer" daemon [_thread_blocked, id=12720, stack(0x0000000018b80000,0x0000000018c80000)]
  0x0000000002ad6800 JavaThread "Reference Handler" daemon [_thread_blocked, id=11276, stack(0x0000000018a80000,0x0000000018b80000)]
  0x00000000029e2800 JavaThread "main" [_thread_blocked, id=9936, stack(0x0000000002850000,0x0000000002950000)]

Other Threads:
  0x0000000016898000 VMThread [stack: 0x0000000018580000,0x0000000018680000] [id=13444]
  0x000000001875a000 WatcherThread [stack: 0x0000000019480000,0x0000000019580000] [id=15948]

VM state:not at safepoint (normal execution)

VM Mutex/Monitor currently owned by a thread: None

heap address: 0x00000000a0000000, size: 1536 MB, Compressed Oops mode: 32-bit
Narrow klass base: 0x0000000000000000, Narrow klass shift: 3
Compressed class space size: 1073741824 Address: 0x0000000100000000

Heap:
 PSYoungGen      total 312320K, used 287708K [0x00000000e0000000, 0x00000000f4f00000, 0x0000000100000000)
  eden space 289280K, 91% used [0x00000000e0000000,0x00000000f027e0b8,0x00000000f1a80000)
  from space 23040K, 99% used [0x00000000f3880000,0x00000000f4ef9218,0x00000000f4f00000)
  to   space 26624K, 0% used [0x00000000f1b00000,0x00000000f1b00000,0x00000000f3500000)
 ParOldGen       total 121856K, used 32138K [0x00000000a0000000, 0x00000000a7700000, 0x00000000e0000000)
  object space 121856K, 26% used [0x00000000a0000000,0x00000000a1f628f8,0x00000000a7700000)
 Metaspace       used 85147K, capacity 89216K, committed 89432K, reserved 1126400K
  class space    used 11343K, capacity 12160K, committed 12160K, reserved 1048576K

Card table byte_map: [0x0000000011ea0000,0x00000000121b0000] byte_map_base: 0x00000000119a0000

Marking Bits: (ParMarkBitMap*) 0x000000006ef49f30
 Begin Bits: [0x0000000012bb0000, 0x00000000143b0000)
 End Bits:   [0x00000000143b0000, 0x0000000015bb0000)

Polling page: 0x0000000000f70000

CodeCache: size=245760Kb used=36673Kb max_used=37118Kb free=209086Kb
 bounds [0x0000000002ae0000, 0x0000000004f90000, 0x0000000011ae0000]
 total_blobs=12563 nmethods=11708 adapters=767
 compilation: enabled

Compilation events (10 events):
Event: 1085.416 Thread 0x00000000186be000 nmethod 14181 0x0000000004c88350 code [0x0000000004c884a0, 0x0000000004c885b0]
Event: 1085.416 Thread 0x00000000186be000 14182       3       java.util.BitSet::nextSetBit (102 bytes)
Event: 1085.417 Thread 0x00000000186be000 nmethod 14182 0x0000000004418990 code [0x0000000004418ba0, 0x0000000004419658]
Event: 1085.417 Thread 0x00000000186be000 14183       3       org.gradle.api.internal.artifacts.ivyservice.resolveengine.graph.builder.NodeState::visitOutgoingDependencies (140 bytes)
Event: 1085.420 Thread 0x00000000186be000 nmethod 14183 0x0000000004316390 code [0x00000000043166a0, 0x0000000004317e38]
Event: 1085.426 Thread 0x00000000186a8000 nmethod 14173 0x0000000004193490 code [0x0000000004193680, 0x0000000004194308]
Event: 1085.426 Thread 0x00000000186a8000 14174   !   4       org.gradle.internal.service.DefaultServiceRegistry$ManagedObjectServiceProvider::getInstance (81 bytes)
Event: 1085.441 Thread 0x00000000186be000 14184       3       java.io.BufferedInputStream::fill (233 bytes)
Event: 1085.442 Thread 0x00000000186be000 nmethod 14184 0x00000000046f4d50 code [0x00000000046f4fc0, 0x00000000046f5eb8]
Event: 1085.451 Thread 0x00000000186be000 14185       3       java.io.ObjectInputStream::verifySubclass (99 bytes)

GC Heap History (10 events):
Event: 9.426 GC heap before
{Heap before GC invocations=11 (full 2):
 PSYoungGen      total 200704K, used 186880K [0x00000000e0000000, 0x00000000ef900000, 0x0000000100000000)
  eden space 186880K, 100% used [0x00000000e0000000,0x00000000eb680000,0x00000000eb680000)
  from space 13824K, 0% used [0x00000000ec380000,0x00000000ec380000,0x00000000ed100000)
  to   space 13312K, 0% used [0x00000000eb680000,0x00000000eb680000,0x00000000ec380000)
 ParOldGen       total 81408K, used 14814K [0x00000000a0000000, 0x00000000a4f80000, 0x00000000e0000000)
  object space 81408K, 18% used [0x00000000a0000000,0x00000000a0e779e0,0x00000000a4f80000)
 Metaspace       used 51808K, capacity 53080K, committed 53208K, reserved 1095680K
  class space    used 7034K, capacity 7395K, committed 7424K, reserved 1048576K
Event: 9.448 GC heap after
Heap after GC invocations=11 (full 2):
 PSYoungGen      total 200192K, used 13299K [0x00000000e0000000, 0x00000000f1800000, 0x0000000100000000)
  eden space 186880K, 0% used [0x00000000e0000000,0x00000000e0000000,0x00000000eb680000)
  from space 13312K, 99% used [0x00000000eb680000,0x00000000ec37cec0,0x00000000ec380000)
  to   space 18944K, 0% used [0x00000000f0580000,0x00000000f0580000,0x00000000f1800000)
 ParOldGen       total 81408K, used 24925K [0x00000000a0000000, 0x00000000a4f80000, 0x00000000e0000000)
  object space 81408K, 30% used [0x00000000a0000000,0x00000000a1857470,0x00000000a4f80000)
 Metaspace       used 51808K, capacity 53080K, committed 53208K, reserved 1095680K
  class space    used 7034K, capacity 7395K, committed 7424K, reserved 1048576K
}
Event: 10.431 GC heap before
{Heap before GC invocations=12 (full 2):
 PSYoungGen      total 200192K, used 81868K [0x00000000e0000000, 0x00000000f1800000, 0x0000000100000000)
  eden space 186880K, 36% used [0x00000000e0000000,0x00000000e42f64a8,0x00000000eb680000)
  from space 13312K, 99% used [0x00000000eb680000,0x00000000ec37cec0,0x00000000ec380000)
  to   space 18944K, 0% used [0x00000000f0580000,0x00000000f0580000,0x00000000f1800000)
 ParOldGen       total 81408K, used 24925K [0x00000000a0000000, 0x00000000a4f80000, 0x00000000e0000000)
  object space 81408K, 30% used [0x00000000a0000000,0x00000000a1857470,0x00000000a4f80000)
 Metaspace       used 56968K, capacity 58988K, committed 59028K, reserved 1099776K
  class space    used 7811K, capacity 8281K, committed 8320K, reserved 1048576K
Event: 10.446 GC heap after
Heap after GC invocations=12 (full 2):
 PSYoungGen      total 265216K, used 16534K [0x00000000e0000000, 0x00000000f1880000, 0x0000000100000000)
  eden space 246272K, 0% used [0x00000000e0000000,0x00000000e0000000,0x00000000ef080000)
  from space 18944K, 87% used [0x00000000f0580000,0x00000000f15a5830,0x00000000f1800000)
  to   space 20480K, 0% used [0x00000000ef080000,0x00000000ef080000,0x00000000f0480000)
 ParOldGen       total 81408K, used 24997K [0x00000000a0000000, 0x00000000a4f80000, 0x00000000e0000000)
  object space 81408K, 30% used [0x00000000a0000000,0x00000000a1869480,0x00000000a4f80000)
 Metaspace       used 56968K, capacity 58988K, committed 59028K, reserved 1099776K
  class space    used 7811K, capacity 8281K, committed 8320K, reserved 1048576K
}
Event: 10.446 GC heap before
{Heap before GC invocations=13 (full 3):
 PSYoungGen      total 265216K, used 16534K [0x00000000e0000000, 0x00000000f1880000, 0x0000000100000000)
  eden space 246272K, 0% used [0x00000000e0000000,0x00000000e0000000,0x00000000ef080000)
  from space 18944K, 87% used [0x00000000f0580000,0x00000000f15a5830,0x00000000f1800000)
  to   space 20480K, 0% used [0x00000000ef080000,0x00000000ef080000,0x00000000f0480000)
 ParOldGen       total 81408K, used 24997K [0x00000000a0000000, 0x00000000a4f80000, 0x00000000e0000000)
  object space 81408K, 30% used [0x00000000a0000000,0x00000000a1869480,0x00000000a4f80000)
 Metaspace       used 56968K, capacity 58988K, committed 59028K, reserved 1099776K
  class space    used 7811K, capacity 8281K, committed 8320K, reserved 1048576K
Event: 10.659 GC heap after
Heap after GC invocations=13 (full 3):
 PSYoungGen      total 265216K, used 0K [0x00000000e0000000, 0x00000000f1880000, 0x0000000100000000)
  eden space 246272K, 0% used [0x00000000e0000000,0x00000000e0000000,0x00000000ef080000)
  from space 18944K, 0% used [0x00000000f0580000,0x00000000f0580000,0x00000000f1800000)
  to   space 20480K, 0% used [0x00000000ef080000,0x00000000ef080000,0x00000000f0480000)
 ParOldGen       total 121856K, used 30420K [0x00000000a0000000, 0x00000000a7700000, 0x00000000e0000000)
  object space 121856K, 24% used [0x00000000a0000000,0x00000000a1db5260,0x00000000a7700000)
 Metaspace       used 56762K, capacity 58390K, committed 59028K, reserved 1099776K
  class space    used 7748K, capacity 8168K, committed 8320K, reserved 1048576K
}
Event: 752.960 GC heap before
{Heap before GC invocations=14 (full 3):
 PSYoungGen      total 265216K, used 246272K [0x00000000e0000000, 0x00000000f1880000, 0x0000000100000000)
  eden space 246272K, 100% used [0x00000000e0000000,0x00000000ef080000,0x00000000ef080000)
  from space 18944K, 0% used [0x00000000f0580000,0x00000000f0580000,0x00000000f1800000)
  to   space 20480K, 0% used [0x00000000ef080000,0x00000000ef080000,0x00000000f0480000)
 ParOldGen       total 121856K, used 30420K [0x00000000a0000000, 0x00000000a7700000, 0x00000000e0000000)
  object space 121856K, 24% used [0x00000000a0000000,0x00000000a1db5260,0x00000000a7700000)
 Metaspace       used 64903K, capacity 67078K, committed 67160K, reserved 1107968K
  class space    used 8537K, capacity 9069K, committed 9088K, reserved 1048576K
Event: 752.979 GC heap after
Heap after GC invocations=14 (full 3):
 PSYoungGen      total 266752K, used 18745K [0x00000000e0000000, 0x00000000f4f00000, 0x0000000100000000)
  eden space 246272K, 0% used [0x00000000e0000000,0x00000000e0000000,0x00000000ef080000)
  from space 20480K, 91% used [0x00000000ef080000,0x00000000f02ce420,0x00000000f0480000)
  to   space 23040K, 0% used [0x00000000f3880000,0x00000000f3880000,0x00000000f4f00000)
 ParOldGen       total 121856K, used 30428K [0x00000000a0000000, 0x00000000a7700000, 0x00000000e0000000)
  object space 121856K, 24% used [0x00000000a0000000,0x00000000a1db7260,0x00000000a7700000)
 Metaspace       used 64903K, capacity 67078K, committed 67160K, reserved 1107968K
  class space    used 8537K, capacity 9069K, committed 9088K, reserved 1048576K
}
Event: 762.700 GC heap before
{Heap before GC invocations=15 (full 3):
 PSYoungGen      total 266752K, used 265017K [0x00000000e0000000, 0x00000000f4f00000, 0x0000000100000000)
  eden space 246272K, 100% used [0x00000000e0000000,0x00000000ef080000,0x00000000ef080000)
  from space 20480K, 91% used [0x00000000ef080000,0x00000000f02ce420,0x00000000f0480000)
  to   space 23040K, 0% used [0x00000000f3880000,0x00000000f3880000,0x00000000f4f00000)
 ParOldGen       total 121856K, used 30428K [0x00000000a0000000, 0x00000000a7700000, 0x00000000e0000000)
  object space 121856K, 24% used [0x00000000a0000000,0x00000000a1db7260,0x00000000a7700000)
 Metaspace       used 74861K, capacity 77428K, committed 77656K, reserved 1116160K
  class space    used 9716K, capacity 10294K, committed 10368K, reserved 1048576K
Event: 762.723 GC heap after
Heap after GC invocations=15 (full 3):
 PSYoungGen      total 312320K, used 23012K [0x00000000e0000000, 0x00000000f4f00000, 0x0000000100000000)
  eden space 289280K, 0% used [0x00000000e0000000,0x00000000e0000000,0x00000000f1a80000)
  from space 23040K, 99% used [0x00000000f3880000,0x00000000f4ef9218,0x00000000f4f00000)
  to   space 26624K, 0% used [0x00000000f1b00000,0x00000000f1b00000,0x00000000f3500000)
 ParOldGen       total 121856K, used 32138K [0x00000000a0000000, 0x00000000a7700000, 0x00000000e0000000)
  object space 121856K, 26% used [0x00000000a0000000,0x00000000a1f628f8,0x00000000a7700000)
 Metaspace       used 74861K, capacity 77428K, committed 77656K, reserved 1116160K
  class space    used 9716K, capacity 10294K, committed 10368K, reserved 1048576K
}

Deoptimization events (10 events):
Event: 766.795 Thread 0x000000001a049000 Uncommon trap: reason=class_check action=maybe_recompile pc=0x0000000004f505c0 method=java.io.ObjectOutputStream.writeNonProxyDesc(Ljava/io/ObjectStreamClass;Z)V @ 44
Event: 766.795 Thread 0x000000001a049000 Uncommon trap: reason=bimorphic action=maybe_recompile pc=0x000000000451e600 method=java.io.ObjectOutputStream$BlockDataOutputStream.write([BIIZ)V @ 23
Event: 766.798 Thread 0x000000001a049000 Uncommon trap: reason=unstable_if action=reinterpret pc=0x0000000004f51c24 method=java.io.ObjectOutputStream.writeClassDesc(Ljava/io/ObjectStreamClass;Z)V @ 41
Event: 766.799 Thread 0x000000001a049000 Uncommon trap: reason=unstable_if action=reinterpret pc=0x00000000033aae60 method=java.lang.reflect.Proxy.isProxyClass(Ljava/lang/Class;)Z @ 6
Event: 766.799 Thread 0x000000001a049000 Uncommon trap: reason=bimorphic action=maybe_recompile pc=0x000000000451e600 method=java.io.ObjectOutputStream$BlockDataOutputStream.write([BIIZ)V @ 23
Event: 1085.300 Thread 0x000000001e99b000 Uncommon trap: reason=class_check action=maybe_recompile pc=0x0000000004c555e0 method=java.lang.reflect.Array.newInstance(Ljava/lang/Class;I)Ljava/lang/Object; @ 2
Event: 1085.327 Thread 0x000000001e99a800 Uncommon trap: reason=array_check action=maybe_recompile pc=0x0000000004620710 method=com.google.common.collect.ImmutableSet.construct(I[Ljava/lang/Object;)Lcom/google/common/collect/ImmutableSet; @ 122
Event: 1085.328 Thread 0x000000001e99a800 Uncommon trap: reason=array_check action=maybe_recompile pc=0x0000000004620710 method=com.google.common.collect.ImmutableSet.construct(I[Ljava/lang/Object;)Lcom/google/common/collect/ImmutableSet; @ 122
Event: 1085.328 Thread 0x000000001e99a800 Uncommon trap: reason=array_check action=maybe_recompile pc=0x0000000004620710 method=com.google.common.collect.ImmutableSet.construct(I[Ljava/lang/Object;)Lcom/google/common/collect/ImmutableSet; @ 122
Event: 1085.328 Thread 0x000000001e99a800 Uncommon trap: reason=array_check action=maybe_recompile pc=0x0000000004620710 method=com.google.common.collect.ImmutableSet.construct(I[Ljava/lang/Object;)Lcom/google/common/collect/ImmutableSet; @ 122

Classes redefined (0 events):
No events

Internal exceptions (10 events):
Event: 765.916 Thread 0x000000001da99800 Exception <a 'java/lang/NoSuchMethodError': <clinit>> (0x00000000ea5eb718) thrown at [D:\src\AOSP-openjdk-cygwin\jdk8u\hotspot\src\share\vm\prims\jni.cpp, line 1614]
Event: 765.960 Thread 0x000000001ec55000 Exception <a 'java/lang/NoSuchMethodError': java.lang.Object.lambda$asRunnable$0(Lcom/android/tools/build/apkzlib/utils/IOExceptionRunnable;)V> (0x00000000eac2b1e0) thrown at [D:\src\AOSP-openjdk-cygwin\jdk8u\hotspot\src\share\vm\interpreter\linkResolver.
Event: 765.987 Thread 0x000000001ec55000 Exception <a 'java/lang/NoSuchMethodError': java.lang.Object.newSystemTemporaryDirectory()Lcom/android/tools/build/apkzlib/bytestorage/TemporaryDirectory;> (0x00000000ead325c0) thrown at [D:\src\AOSP-openjdk-cygwin\jdk8u\hotspot\src\share\vm\interpreter\l
Event: 766.086 Thread 0x000000001ec55000 Exception <a 'java/lang/NoSuchMethodError': java.lang.Object.lambda$static$0(Lcom/android/apksig/util/RunnablesProvider;)V> (0x00000000eb1811b8) thrown at [D:\src\AOSP-openjdk-cygwin\jdk8u\hotspot\src\share\vm\interpreter\linkResolver.cpp, line 620]
Event: 766.784 Thread 0x000000001a049000 Exception <a 'sun/nio/fs/WindowsException'> (0x00000000ef2226d8) thrown at [D:\src\AOSP-openjdk-cygwin\jdk8u\hotspot\src\share\vm\prims\jni.cpp, line 710]
Event: 766.866 Thread 0x000000001a049800 Exception <a 'java/lang/NoSuchMethodError': <clinit>> (0x00000000efa75890) thrown at [D:\src\AOSP-openjdk-cygwin\jdk8u\hotspot\src\share\vm\prims\jni.cpp, line 1614]
Event: 766.866 Thread 0x000000001a049800 Exception <a 'java/lang/NoSuchMethodError': <clinit>> (0x00000000efa80e40) thrown at [D:\src\AOSP-openjdk-cygwin\jdk8u\hotspot\src\share\vm\prims\jni.cpp, line 1614]
Event: 766.867 Thread 0x000000001a049800 Exception <a 'java/lang/NoSuchMethodError': <clinit>> (0x00000000efa8aea0) thrown at [D:\src\AOSP-openjdk-cygwin\jdk8u\hotspot\src\share\vm\prims\jni.cpp, line 1614]
Event: 766.868 Thread 0x000000001a049800 Exception <a 'java/lang/NoSuchMethodError': <clinit>> (0x00000000efaa3ec8) thrown at [D:\src\AOSP-openjdk-cygwin\jdk8u\hotspot\src\share\vm\prims\jni.cpp, line 1614]
Event: 766.869 Thread 0x000000001a049800 Exception <a 'java/lang/NoSuchMethodError': <clinit>> (0x00000000efab4b08) thrown at [D:\src\AOSP-openjdk-cygwin\jdk8u\hotspot\src\share\vm\prims\jni.cpp, line 1614]

Events (10 events):
Event: 1085.387 Thread 0x00000000186be000 flushing nmethod 0x000000000430c010
Event: 1085.388 Thread 0x00000000186be000 flushing nmethod 0x000000000435e650
Event: 1085.388 Thread 0x00000000186be000 flushing nmethod 0x00000000043c9a10
Event: 1085.389 Thread 0x00000000186be000 flushing nmethod 0x00000000044d9710
Event: 1085.389 Thread 0x00000000186be000 flushing nmethod 0x000000000451c8d0
Event: 1085.389 Thread 0x00000000186be000 flushing nmethod 0x0000000004584e50
Event: 1085.393 Thread 0x000000001e9a0800 Thread added: 0x000000001e9a0800
Event: 1085.397 Thread 0x000000001e999800 Thread added: 0x000000001e999800
Event: 1085.399 Thread 0x00000000186be000 flushing nmethod 0x00000000047b6990
Event: 1085.399 Thread 0x00000000186be000 flushing nmethod 0x00000000048ac850


Dynamic libraries:
0x00007ff7de120000 - 0x00007ff7de151000 	C:\Program Files\Android\Android Studio\jre\bin\java.exe
0x00007ffafd480000 - 0x00007ffafd670000 	C:\WINDOWS\SYSTEM32\ntdll.dll
0x00007ffafced0000 - 0x00007ffafcf82000 	C:\WINDOWS\System32\KERNEL32.DLL
0x00007ffafa740000 - 0x00007ffafa9e3000 	C:\WINDOWS\System32\KERNELBASE.dll
0x00007ffafc1a0000 - 0x00007ffafc243000 	C:\WINDOWS\System32\ADVAPI32.dll
0x00007ffafd340000 - 0x00007ffafd3de000 	C:\WINDOWS\System32\msvcrt.dll
0x00007ffafd170000 - 0x00007ffafd207000 	C:\WINDOWS\System32\sechost.dll
0x00007ffafd220000 - 0x00007ffafd340000 	C:\WINDOWS\System32\RPCRT4.dll
0x00007ffafc440000 - 0x00007ffafc5d3000 	C:\WINDOWS\System32\USER32.dll
0x00007ffafac50000 - 0x00007ffafac71000 	C:\WINDOWS\System32\win32u.dll
0x00007ffafd3e0000 - 0x00007ffafd406000 	C:\WINDOWS\System32\GDI32.dll
0x00007ffafa400000 - 0x00007ffafa594000 	C:\WINDOWS\System32\gdi32full.dll
0x00007ffafab50000 - 0x00007ffafabee000 	C:\WINDOWS\System32\msvcp_win.dll
0x00007ffafb400000 - 0x00007ffafb4fa000 	C:\WINDOWS\System32\ucrtbase.dll
0x00007ffaec050000 - 0x00007ffaec2d5000 	C:\WINDOWS\WinSxS\amd64_microsoft.windows.common-controls_6595b64144ccf1df_6.0.18362.356_none_e6c4af7d130f27cc\COMCTL32.dll
0x00007ffafcac0000 - 0x00007ffafcdf6000 	C:\WINDOWS\System32\combase.dll
0x00007ffafa9f0000 - 0x00007ffafaa70000 	C:\WINDOWS\System32\bcryptPrimitives.dll
0x00007ffafc970000 - 0x00007ffafc99e000 	C:\WINDOWS\System32\IMM32.DLL
0x000000006e6a0000 - 0x000000006e772000 	C:\Program Files\Android\Android Studio\jre\jre\bin\msvcr100.dll
0x000000006e780000 - 0x000000006efc6000 	C:\Program Files\Android\Android Studio\jre\jre\bin\server\jvm.dll
0x00007ffafd210000 - 0x00007ffafd218000 	C:\WINDOWS\System32\PSAPI.DLL
0x00007ffaf5ce0000 - 0x00007ffaf5d04000 	C:\WINDOWS\SYSTEM32\WINMM.dll
0x00007ffaf4af0000 - 0x00007ffaf4af9000 	C:\WINDOWS\SYSTEM32\WSOCK32.dll
0x00007ffaf4c60000 - 0x00007ffaf4c6a000 	C:\WINDOWS\SYSTEM32\VERSION.dll
0x00007ffafd060000 - 0x00007ffafd0cf000 	C:\WINDOWS\System32\WS2_32.dll
0x00007ffaf5b40000 - 0x00007ffaf5b6d000 	C:\WINDOWS\SYSTEM32\WINMMBASE.dll
0x00007ffafa5a0000 - 0x00007ffafa5ea000 	C:\WINDOWS\System32\cfgmgr32.dll
0x00007ffaf4ae0000 - 0x00007ffaf4aef000 	C:\Program Files\Android\Android Studio\jre\jre\bin\verify.dll
0x00007ffad0170000 - 0x00007ffad0199000 	C:\Program Files\Android\Android Studio\jre\jre\bin\java.dll
0x00007ffabaa90000 - 0x00007ffabaaa6000 	C:\Program Files\Android\Android Studio\jre\jre\bin\zip.dll
0x00007ffafbab0000 - 0x00007ffafc195000 	C:\WINDOWS\System32\SHELL32.dll
0x00007ffafc250000 - 0x00007ffafc2f9000 	C:\WINDOWS\System32\shcore.dll
0x00007ffafac80000 - 0x00007ffafb3fe000 	C:\WINDOWS\System32\windows.storage.dll
0x00007ffafa380000 - 0x00007ffafa39f000 	C:\WINDOWS\System32\profapi.dll
0x00007ffafa330000 - 0x00007ffafa37a000 	C:\WINDOWS\System32\powrprof.dll
0x00007ffafa320000 - 0x00007ffafa330000 	C:\WINDOWS\System32\UMPDC.dll
0x00007ffafca60000 - 0x00007ffafcab2000 	C:\WINDOWS\System32\shlwapi.dll
0x00007ffafa3c0000 - 0x00007ffafa3d1000 	C:\WINDOWS\System32\kernel.appcore.dll
0x00007ffafa3e0000 - 0x00007ffafa3f7000 	C:\WINDOWS\System32\cryptsp.dll
0x00007ffab7b30000 - 0x00007ffab7b4a000 	C:\Program Files\Android\Android Studio\jre\jre\bin\net.dll
0x00007ffaf9b90000 - 0x00007ffaf9bf7000 	C:\WINDOWS\system32\mswsock.dll
0x00007ffab7b10000 - 0x00007ffab7b21000 	C:\Program Files\Android\Android Studio\jre\jre\bin\nio.dll
0x00007ffad2bf0000 - 0x00007ffad2c16000 	C:\Users\ASUS\.gradle\native\29\windows-amd64\native-platform.dll
0x00007ffacf0c0000 - 0x00007ffacf0cd000 	C:\Program Files\Android\Android Studio\jre\jre\bin\management.dll
0x00007ffaf96a0000 - 0x00007ffaf96d3000 	C:\WINDOWS\system32\rsaenh.dll
0x00007ffafaa70000 - 0x00007ffafaa96000 	C:\WINDOWS\System32\bcrypt.dll
0x00007ffafa240000 - 0x00007ffafa265000 	C:\WINDOWS\SYSTEM32\USERENV.dll
0x00007ffaf9d60000 - 0x00007ffaf9d6c000 	C:\WINDOWS\SYSTEM32\CRYPTBASE.dll
0x00007ffaf98a0000 - 0x00007ffaf98da000 	C:\WINDOWS\SYSTEM32\IPHLPAPI.DLL
0x00007ffafd0f0000 - 0x00007ffafd0f8000 	C:\WINDOWS\System32\NSI.dll
0x00007ffaf1df0000 - 0x00007ffaf1e06000 	C:\WINDOWS\SYSTEM32\dhcpcsvc6.DLL
0x00007ffaf1d30000 - 0x00007ffaf1d4c000 	C:\WINDOWS\SYSTEM32\dhcpcsvc.DLL
0x00007ffaf98e0000 - 0x00007ffaf99aa000 	C:\WINDOWS\SYSTEM32\DNSAPI.dll

VM Arguments:
jvm_args: -Xmx1536m -Dfile.encoding=windows-1252 -Duser.country=US -Duser.language=en -Duser.variant 
java_command: org.gradle.launcher.daemon.bootstrap.GradleDaemon 5.4.1
java_class_path (initial): C:\Users\ASUS\.gradle\wrapper\dists\gradle-5.4.1-all\3221gyojl5jsh0helicew7rwx\gradle-5.4.1\lib\gradle-launcher-5.4.1.jar
Launcher Type: SUN_STANDARD

Environment Variables:
USERNAME=ASUS
OS=Windows_NT
PROCESSOR_IDENTIFIER=Intel64 Family 6 Model 158 Stepping 9, GenuineIntel



---------------  S Y S T E M  ---------------

OS: Windows 10.0 , 64 bit Build 18362 (10.0.18362.329)

CPU:total 8 (initial active 8) (4 cores per cpu, 2 threads per core) family 6 model 158 stepping 9, cmov, cx8, fxsr, mmx, sse, sse2, sse3, ssse3, sse4.1, sse4.2, popcnt, avx, avx2, aes, clmul, erms, 3dnowpref, lzcnt, ht, tsc, tscinvbit, bmi1, bmi2, adx

Memory: 4k page, physical 8270668k(1188316k free), swap 8270668k(3060k free)

vm_info: OpenJDK 64-Bit Server VM (25.202-b03) for windows-amd64 JRE (1.8.0_202-release-1483-b03), built by "builder" with MS VC++ 10.0 (VS2010)

time: Tue Oct 08 18:25:00 2019
timezone: SE Asia Standard Time
elapsed time: 1085 seconds (0d 0h 18m 5s)

